2011-05-05 20:19:45 5008 3 状態: ec2-175-41-225-243.ap-northeast-1.compute.amazonaws.com のアドレスを解決しています
2011-05-05 20:19:46 5008 3 状態: 175.41.225.243:21 に接続しています...
2011-05-05 20:19:46 5008 3 状態: 接続が確立されました, ウェルカム メッセージを待っています...
2011-05-05 20:19:46 5008 3 応答: 220 (vsFTPd 2.2.2)
2011-05-05 20:19:46 5008 3 コマンド: USER ftpuser
2011-05-05 20:19:46 5008 3 応答: 331 Please specify the password.
2011-05-05 20:19:46 5008 3 コマンド: PASS *******
2011-05-05 20:19:47 5008 3 応答: 230 Login successful.
2011-05-05 20:19:47 5008 3 コマンド: SYST
2011-05-05 20:19:47 5008 3 応答: 215 UNIX Type: L8
2011-05-05 20:19:47 5008 3 コマンド: FEAT
2011-05-05 20:19:47 5008 3 応答: 211-Features:
2011-05-05 20:19:47 5008 3 応答:  EPRT
2011-05-05 20:19:47 5008 3 応答:  EPSV
2011-05-05 20:19:47 5008 3 応答:  MDTM
2011-05-05 20:19:47 5008 3 応答:  PASV
2011-05-05 20:19:47 5008 3 応答:  REST STREAM
2011-05-05 20:19:47 5008 3 応答:  SIZE
2011-05-05 20:19:47 5008 3 応答:  TVFS
2011-05-05 20:19:47 5008 3 応答:  UTF8
2011-05-05 20:19:47 5008 3 応答: 211 End
2011-05-05 20:19:47 5008 3 コマンド: OPTS UTF8 ON
2011-05-05 20:19:47 5008 3 応答: 200 Always in UTF8 mode.
2011-05-05 20:19:47 5008 3 状態: 接続されました
2011-05-05 20:19:47 5008 3 状態: ディレクトリーの一覧を読み出しています...
2011-05-05 20:19:47 5008 3 コマンド: PWD
2011-05-05 20:19:48 5008 3 応答: 257 "/home/ftp"
2011-05-05 20:19:48 5008 3 コマンド: TYPE I
2011-05-05 20:19:48 5008 3 応答: 200 Switching to Binary mode.
2011-05-05 20:19:48 5008 3 コマンド: PORT 192,168,101,193,12,83
2011-05-05 20:19:48 5008 3 応答: 200 PORT command successful. Consider using PASV.
2011-05-05 20:19:48 5008 3 コマンド: LIST
2011-05-05 20:19:48 5008 3 応答: 150 Here comes the directory listing.
2011-05-05 20:19:48 5008 3 応答: 226 Directory send OK.
2011-05-05 20:19:48 5008 3 状態: サーバーのタイムゾーン オフセットを計算しています...
2011-05-05 20:19:48 5008 3 コマンド: MDTM ftpTest001.txt
2011-05-05 20:19:49 5008 3 応答: 213 20110505094732
2011-05-05 20:19:49 5008 3 状態: タイムゾーン オフセット: 0 秒 / ローカル: 28800 秒/ 差異 28800 秒
2011-05-05 20:19:49 5008 3 状態: ディレクトリー一覧の表示成功
2011-05-05 20:20:02 5008 3 コマンド: DELE ftpTest001.txt
2011-05-05 20:20:02 5008 3 応答: 250 Delete operation successful.
2011-05-05 20:20:17 5008 1 状態: ec2-175-41-225-243.ap-northeast-1.compute.amazonaws.com のアドレスを解決しています
2011-05-05 20:20:17 5008 1 状態: 175.41.225.243:21 に接続しています...
2011-05-05 20:20:17 5008 1 状態: 接続が確立されました, ウェルカム メッセージを待っています...
2011-05-05 20:20:18 5008 1 応答: 220 (vsFTPd 2.2.2)
2011-05-05 20:20:18 5008 1 コマンド: USER ftpuser
2011-05-05 20:20:18 5008 1 応答: 331 Please specify the password.
2011-05-05 20:20:18 5008 1 コマンド: PASS *******
2011-05-05 20:20:18 5008 1 応答: 230 Login successful.
2011-05-05 20:20:18 5008 1 コマンド: OPTS UTF8 ON
2011-05-05 20:20:18 5008 1 応答: 200 Always in UTF8 mode.
2011-05-05 20:20:18 5008 1 状態: 接続されました
2011-05-05 20:20:18 5008 1 状態: D:\97_TEST\ftpTest10K.txtのアップロードを始めています
2011-05-05 20:20:18 5008 1 コマンド: CWD /home/ftp
2011-05-05 20:20:19 5008 1 応答: 250 Directory successfully changed.
2011-05-05 20:20:19 5008 1 コマンド: PWD
2011-05-05 20:20:19 5008 1 応答: 257 "/home/ftp"
2011-05-05 20:20:19 5008 1 コマンド: TYPE A
2011-05-05 20:20:19 5008 1 応答: 200 Switching to ASCII mode.
2011-05-05 20:20:19 5008 1 コマンド: PORT 192,168,101,193,12,104
2011-05-05 20:20:19 5008 1 応答: 200 PORT command successful. Consider using PASV.
2011-05-05 20:20:19 5008 1 コマンド: STOR ftpTest10K.txt
2011-05-05 20:20:19 5008 1 応答: 150 Ok to send data.
2011-05-05 20:20:20 5008 1 応答: 226 Transfer complete.
2011-05-05 20:20:20 5008 1 状態: 1 秒 に対して 11,374 バイト バイト転送し、ファイルの転送が成功しました。
2011-05-05 20:20:20 5008 1 状態: ディレクトリーの一覧を読み出しています...
2011-05-05 20:20:20 5008 1 コマンド: TYPE I
2011-05-05 20:20:20 5008 1 応答: 200 Switching to Binary mode.
2011-05-05 20:20:20 5008 1 コマンド: PORT 192,168,101,193,12,106
2011-05-05 20:20:20 5008 1 応答: 200 PORT command successful. Consider using PASV.
2011-05-05 20:20:20 5008 1 コマンド: LIST
2011-05-05 20:20:21 5008 1 応答: 150 Here comes the directory listing.
2011-05-05 20:20:21 5008 1 応答: 226 Directory send OK.
2011-05-05 20:20:21 5008 1 状態: ディレクトリー一覧の表示成功
2011-05-05 20:20:42 5008 3 コマンド: DELE ftpTest10K.txt
2011-05-05 20:20:42 5008 3 応答: 250 Delete operation successful.
2011-05-05 20:20:56 5008 1 状態: D:\97_TEST\ftpTest10K.txtのアップロードを始めています
2011-05-05 20:20:56 5008 1 コマンド: TYPE A
2011-05-05 20:20:56 5008 1 応答: 200 Switching to ASCII mode.
2011-05-05 20:20:56 5008 1 コマンド: PORT 192,168,101,193,12,125
2011-05-05 20:20:56 5008 1 応答: 200 PORT command successful. Consider using PASV.
2011-05-05 20:20:56 5008 1 コマンド: STOR ftpTest10K.txt
2011-05-05 20:20:57 5008 1 応答: 150 Ok to send data.
2011-05-05 20:20:57 5008 1 応答: 226 Transfer complete.
2011-05-05 20:20:57 5008 1 状態: 1 秒 に対して 11,374 バイト バイト転送し、ファイルの転送が成功しました。
2011-05-05 20:20:57 5008 1 状態: ディレクトリーの一覧を読み出しています...
2011-05-05 20:20:57 5008 1 コマンド: TYPE I
2011-05-05 20:20:58 5008 1 応答: 200 Switching to Binary mode.
2011-05-05 20:20:58 5008 1 コマンド: PORT 192,168,101,193,12,127
2011-05-05 20:20:58 5008 1 応答: 200 PORT command successful. Consider using PASV.
2011-05-05 20:20:58 5008 1 コマンド: LIST
2011-05-05 20:20:58 5008 1 応答: 150 Here comes the directory listing.
2011-05-05 20:20:58 5008 1 応答: 226 Directory send OK.
2011-05-05 20:20:58 5008 1 状態: ディレクトリー一覧の表示成功
2011-05-05 20:21:41 5008 1 状態: D:\97_TEST\ftpTest500K.txtのアップロードを始めています
2011-05-05 20:21:41 5008 1 コマンド: TYPE A
2011-05-05 20:21:41 5008 1 応答: 200 Switching to ASCII mode.
2011-05-05 20:21:41 5008 1 コマンド: PORT 192,168,101,193,12,148
2011-05-05 20:21:42 5008 1 応答: 200 PORT command successful. Consider using PASV.
2011-05-05 20:21:42 5008 1 コマンド: STOR ftpTest500K.txt
2011-05-05 20:21:42 5008 1 応答: 150 Ok to send data.
2011-05-05 20:21:52 5008 1 応答: 226 Transfer complete.
2011-05-05 20:21:52 5008 1 状態: 10 秒 に対して 525,581 バイト バイト転送し、ファイルの転送が成功しました。
2011-05-05 20:21:52 5008 1 状態: ディレクトリーの一覧を読み出しています...
2011-05-05 20:21:52 5008 1 コマンド: TYPE I
2011-05-05 20:21:52 5008 1 応答: 200 Switching to Binary mode.
2011-05-05 20:21:52 5008 1 コマンド: PORT 192,168,101,193,12,162
2011-05-05 20:21:52 5008 1 応答: 200 PORT command successful. Consider using PASV.
2011-05-05 20:21:52 5008 1 コマンド: LIST
2011-05-05 20:21:53 5008 1 応答: 150 Here comes the directory listing.
2011-05-05 20:21:53 5008 1 応答: 226 Directory send OK.
2011-05-05 20:21:53 5008 1 状態: ディレクトリー一覧の表示成功
2011-05-05 20:22:04 5008 1 状態: D:\97_TEST\ftpTest1M.txtのアップロードを始めています
2011-05-05 20:22:04 5008 1 コマンド: TYPE A
2011-05-05 20:22:04 5008 1 応答: 200 Switching to ASCII mode.
2011-05-05 20:22:04 5008 1 コマンド: PORT 192,168,101,193,12,168
2011-05-05 20:22:04 5008 1 応答: 200 PORT command successful. Consider using PASV.
2011-05-05 20:22:04 5008 1 コマンド: STOR ftpTest1M.txt
2011-05-05 20:22:05 5008 1 応答: 150 Ok to send data.
2011-05-05 20:22:24 5008 1 応答: 226 Transfer complete.
2011-05-05 20:22:24 5008 1 状態: 20 秒 に対して 1,051,162 バイト バイト転送し、ファイルの転送が成功しました。
2011-05-05 20:22:24 5008 1 状態: ディレクトリーの一覧を読み出しています...
2011-05-05 20:22:24 5008 1 コマンド: TYPE I
2011-05-05 20:22:24 5008 1 応答: 200 Switching to Binary mode.
2011-05-05 20:22:24 5008 1 コマンド: PORT 192,168,101,193,12,176
2011-05-05 20:22:24 5008 1 応答: 200 PORT command successful. Consider using PASV.
2011-05-05 20:22:24 5008 1 コマンド: LIST
2011-05-05 20:22:25 5008 1 応答: 150 Here comes the directory listing.
2011-05-05 20:22:25 5008 1 応答: 226 Directory send OK.
2011-05-05 20:22:25 5008 1 状態: ディレクトリー一覧の表示成功
2011-05-05 20:23:07 5008 1 状態: D:\97_TEST\ftpTest5M.txtのアップロードを始めています
2011-05-05 20:23:07 5008 1 コマンド: TYPE A
2011-05-05 20:23:07 5008 1 応答: 200 Switching to ASCII mode.
2011-05-05 20:23:07 5008 1 コマンド: PORT 192,168,101,193,12,207
2011-05-05 20:23:07 5008 1 応答: 200 PORT command successful. Consider using PASV.
2011-05-05 20:23:07 5008 1 コマンド: STOR ftpTest5M.txt
2011-05-05 20:23:08 5008 1 応答: 150 Ok to send data.
2011-05-05 20:24:55 5008 1 応答: 226 Transfer complete.
2011-05-05 20:24:55 5008 1 状態: 108 秒 に対して 6,306,972 バイト バイト転送し、ファイルの転送が成功しました。
2011-05-05 20:24:55 5008 1 状態: ディレクトリーの一覧を読み出しています...
2011-05-05 20:24:55 5008 1 コマンド: TYPE I
2011-05-05 20:24:55 5008 1 応答: 200 Switching to Binary mode.
2011-05-05 20:24:55 5008 1 コマンド: PORT 192,168,101,193,12,252
2011-05-05 20:24:55 5008 1 応答: 200 PORT command successful. Consider using PASV.
2011-05-05 20:24:55 5008 1 コマンド: LIST
2011-05-05 20:24:55 5008 1 応答: 150 Here comes the directory listing.
2011-05-05 20:24:55 5008 1 応答: 226 Directory send OK.
2011-05-05 20:24:55 5008 1 状態: ディレクトリー一覧の表示成功
2011-05-05 20:25:27 5008 1 状態: D:\97_TEST\ftpTest10M.txtのアップロードを始めています
2011-05-05 20:25:27 5008 1 コマンド: TYPE A
2011-05-05 20:25:28 5008 1 応答: 200 Switching to ASCII mode.
2011-05-05 20:25:28 5008 1 コマンド: PORT 192,168,101,193,13,14
2011-05-05 20:25:28 5008 1 応答: 200 PORT command successful. Consider using PASV.
2011-05-05 20:25:28 5008 1 コマンド: STOR ftpTest10M.txt
2011-05-05 20:25:28 5008 1 応答: 150 Ok to send data.
2011-05-05 20:28:23 5008 1 応答: 226 Transfer complete.
2011-05-05 20:28:23 5008 1 状態: 175 秒 に対して 10,511,620 バイト バイト転送し、ファイルの転送が成功しました。
2011-05-05 20:28:23 5008 1 状態: ディレクトリーの一覧を読み出しています...
2011-05-05 20:28:23 5008 1 コマンド: TYPE I
2011-05-05 20:28:23 5008 1 応答: 200 Switching to Binary mode.
2011-05-05 20:28:23 5008 1 コマンド: PORT 192,168,101,193,13,118
2011-05-05 20:28:23 5008 1 応答: 200 PORT command successful. Consider using PASV.
2011-05-05 20:28:23 5008 1 コマンド: LIST
2011-05-05 20:28:23 5008 1 応答: 150 Here comes the directory listing.
2011-05-05 20:28:24 5008 1 応答: 226 Directory send OK.
2011-05-05 20:28:24 5008 1 状態: ディレクトリー一覧の表示成功
2011-05-05 20:29:23 5008 1 状態: サーバーから切断されました
2011-05-05 20:35:56 5008 3 コマンド: DELE ftpTest10K.txt
2011-05-05 20:35:56 5008 3 エラー: サーバーから切断されました: ECONNABORTED - Connection aborted
2011-05-05 20:36:03 5008 3 状態: ec2-175-41-225-243.ap-northeast-1.compute.amazonaws.com のアドレスを解決しています
2011-05-05 20:36:03 5008 3 状態: 175.41.225.243:21 に接続しています...
2011-05-05 20:36:03 5008 3 状態: 接続が確立されました, ウェルカム メッセージを待っています...
2011-05-05 20:36:03 5008 3 応答: 220 (vsFTPd 2.2.2)
2011-05-05 20:36:03 5008 3 コマンド: USER ftpuser
2011-05-05 20:36:03 5008 3 応答: 331 Please specify the password.
2011-05-05 20:36:03 5008 3 コマンド: PASS *******
2011-05-05 20:36:03 5008 3 応答: 230 Login successful.
2011-05-05 20:36:03 5008 3 コマンド: OPTS UTF8 ON
2011-05-05 20:36:03 5008 3 応答: 200 Always in UTF8 mode.
2011-05-05 20:36:03 5008 3 状態: 接続されました
2011-05-05 20:36:03 5008 3 状態: ディレクトリーの一覧を読み出しています...
2011-05-05 20:36:03 5008 3 コマンド: PWD
2011-05-05 20:36:04 5008 3 応答: 257 "/home/ftp"
2011-05-05 20:36:04 5008 3 コマンド: TYPE I
2011-05-05 20:36:04 5008 3 応答: 200 Switching to Binary mode.
2011-05-05 20:36:04 5008 3 コマンド: PORT 192,168,101,193,14,84
2011-05-05 20:36:04 5008 3 応答: 200 PORT command successful. Consider using PASV.
2011-05-05 20:36:04 5008 3 コマンド: LIST
2011-05-05 20:36:04 5008 3 応答: 150 Here comes the directory listing.
2011-05-05 20:36:04 5008 3 応答: 226 Directory send OK.
2011-05-05 20:36:04 5008 3 状態: ディレクトリー一覧の表示成功
2011-05-05 20:36:10 5008 3 コマンド: DELE ftpTest5M.txt
2011-05-05 20:36:10 5008 3 応答: 250 Delete operation successful.
2011-05-05 20:36:14 5008 3 コマンド: DELE ftpTest10K.txt
2011-05-05 20:36:14 5008 3 応答: 250 Delete operation successful.
2011-05-05 20:36:14 5008 3 コマンド: DELE ftpTest10M.txt
2011-05-05 20:36:14 5008 3 応答: 250 Delete operation successful.
2011-05-05 20:36:14 5008 3 コマンド: DELE ftpTest1M.txt
2011-05-05 20:36:14 5008 3 応答: 250 Delete operation successful.
2011-05-05 20:36:14 5008 3 コマンド: DELE ftpTest500K.txt
2011-05-05 20:36:15 5008 3 応答: 250 Delete operation successful.
2011-05-05 20:36:23 5008 1 状態: ec2-175-41-225-243.ap-northeast-1.compute.amazonaws.com のアドレスを解決しています
2011-05-05 20:36:23 5008 1 状態: 175.41.225.243:21 に接続しています...
2011-05-05 20:36:23 5008 1 状態: 接続が確立されました, ウェルカム メッセージを待っています...
2011-05-05 20:36:23 5008 1 応答: 220 (vsFTPd 2.2.2)
2011-05-05 20:36:23 5008 1 コマンド: USER ftpuser
2011-05-05 20:36:23 5008 1 応答: 331 Please specify the password.
2011-05-05 20:36:23 5008 1 コマンド: PASS *******
2011-05-05 20:36:24 5008 1 応答: 230 Login successful.
2011-05-05 20:36:24 5008 1 コマンド: OPTS UTF8 ON
2011-05-05 20:36:24 5008 1 応答: 200 Always in UTF8 mode.
2011-05-05 20:36:24 5008 1 状態: 接続されました
2011-05-05 20:36:24 5008 1 状態: D:\97_TEST\ftpTest10K.txtのアップロードを始めています
2011-05-05 20:36:24 5008 1 コマンド: CWD /home/ftp
2011-05-05 20:36:24 5008 1 応答: 250 Directory successfully changed.
2011-05-05 20:36:24 5008 1 コマンド: TYPE A
2011-05-05 20:36:24 5008 1 応答: 200 Switching to ASCII mode.
2011-05-05 20:36:24 5008 1 コマンド: PORT 192,168,101,193,14,98
2011-05-05 20:36:24 5008 1 応答: 200 PORT command successful. Consider using PASV.
2011-05-05 20:36:24 5008 1 コマンド: STOR ftpTest10K.txt
2011-05-05 20:36:24 5008 1 応答: 150 Ok to send data.
2011-05-05 20:36:25 5008 1 応答: 226 Transfer complete.
2011-05-05 20:36:25 5008 1 状態: 1 秒 に対して 11,374 バイト バイト転送し、ファイルの転送が成功しました。
2011-05-05 20:36:25 5008 1 状態: ディレクトリーの一覧を読み出しています...
2011-05-05 20:36:25 5008 1 コマンド: TYPE I
2011-05-05 20:36:25 5008 1 応答: 200 Switching to Binary mode.
2011-05-05 20:36:25 5008 1 コマンド: PORT 192,168,101,193,14,101
2011-05-05 20:36:25 5008 1 応答: 200 PORT command successful. Consider using PASV.
2011-05-05 20:36:25 5008 1 コマンド: LIST
2011-05-05 20:36:26 5008 1 応答: 150 Here comes the directory listing.
2011-05-05 20:36:26 5008 1 応答: 226 Directory send OK.
2011-05-05 20:36:26 5008 1 状態: ディレクトリー一覧の表示成功
2011-05-05 20:36:42 5008 1 状態: D:\97_TEST\ftpTest500K.txtのアップロードを始めています
2011-05-05 20:36:42 5008 1 コマンド: TYPE A
2011-05-05 20:36:42 5008 1 応答: 200 Switching to ASCII mode.
2011-05-05 20:36:42 5008 1 コマンド: PORT 192,168,101,193,14,108
2011-05-05 20:36:42 5008 1 応答: 200 PORT command successful. Consider using PASV.
2011-05-05 20:36:42 5008 1 コマンド: STOR ftpTest500K.txt
2011-05-05 20:36:43 5008 1 応答: 150 Ok to send data.
2011-05-05 20:36:51 5008 1 応答: 226 Transfer complete.
2011-05-05 20:36:51 5008 1 状態: 9 秒 に対して 525,581 バイト バイト転送し、ファイルの転送が成功しました。
2011-05-05 20:36:51 5008 1 状態: ディレクトリーの一覧を読み出しています...
2011-05-05 20:36:51 5008 1 コマンド: TYPE I
2011-05-05 20:36:52 5008 1 応答: 200 Switching to Binary mode.
2011-05-05 20:36:52 5008 1 コマンド: PORT 192,168,101,193,14,124
2011-05-05 20:36:52 5008 1 応答: 200 PORT command successful. Consider using PASV.
2011-05-05 20:36:52 5008 1 コマンド: LIST
2011-05-05 20:36:52 5008 1 応答: 150 Here comes the directory listing.
2011-05-05 20:36:52 5008 1 応答: 226 Directory send OK.
2011-05-05 20:36:52 5008 1 状態: ディレクトリー一覧の表示成功
2011-05-05 20:37:09 5008 1 状態: D:\97_TEST\ftpTest1M.txtのアップロードを始めています
2011-05-05 20:37:09 5008 1 コマンド: TYPE A
2011-05-05 20:37:09 5008 1 応答: 200 Switching to ASCII mode.
2011-05-05 20:37:09 5008 1 コマンド: PORT 192,168,101,193,14,132
2011-05-05 20:37:09 5008 1 応答: 200 PORT command successful. Consider using PASV.
2011-05-05 20:37:09 5008 1 コマンド: STOR ftpTest1M.txt
2011-05-05 20:37:09 5008 1 応答: 150 Ok to send data.
2011-05-05 20:37:26 5008 1 応答: 226 Transfer complete.
2011-05-05 20:37:26 5008 1 状態: 17 秒 に対して 1,051,162 バイト バイト転送し、ファイルの転送が成功しました。
2011-05-05 20:37:26 5008 1 状態: ディレクトリーの一覧を読み出しています...
2011-05-05 20:37:26 5008 1 コマンド: TYPE I
2011-05-05 20:37:26 5008 1 応答: 200 Switching to Binary mode.
2011-05-05 20:37:26 5008 1 コマンド: PORT 192,168,101,193,14,141
2011-05-05 20:37:27 5008 1 応答: 200 PORT command successful. Consider using PASV.
2011-05-05 20:37:27 5008 1 コマンド: LIST
2011-05-05 20:37:27 5008 1 応答: 150 Here comes the directory listing.
2011-05-05 20:37:27 5008 1 応答: 226 Directory send OK.
2011-05-05 20:37:27 5008 1 状態: ディレクトリー一覧の表示成功
2011-05-05 20:38:04 5008 1 状態: D:\97_TEST\ftpTest5M.txtのアップロードを始めています
2011-05-05 20:38:04 5008 1 コマンド: TYPE A
2011-05-05 20:38:04 5008 1 応答: 200 Switching to ASCII mode.
2011-05-05 20:38:04 5008 1 コマンド: PORT 192,168,101,193,14,158
2011-05-05 20:38:04 5008 1 応答: 200 PORT command successful. Consider using PASV.
2011-05-05 20:38:04 5008 1 コマンド: STOR ftpTest5M.txt
2011-05-05 20:38:04 5008 1 応答: 150 Ok to send data.
2011-05-05 20:39:48 5008 1 応答: 226 Transfer complete.
2011-05-05 20:39:48 5008 1 状態: 104 秒 に対して 6,306,972 バイト バイト転送し、ファイルの転送が成功しました。
2011-05-05 20:39:48 5008 1 状態: ディレクトリーの一覧を読み出しています...
2011-05-05 20:39:48 5008 1 コマンド: TYPE I
2011-05-05 20:39:48 5008 1 応答: 200 Switching to Binary mode.
2011-05-05 20:39:48 5008 1 コマンド: PORT 192,168,101,193,14,206
2011-05-05 20:39:48 5008 1 応答: 200 PORT command successful. Consider using PASV.
2011-05-05 20:39:48 5008 1 コマンド: LIST
2011-05-05 20:39:49 5008 1 応答: 150 Here comes the directory listing.
2011-05-05 20:39:49 5008 1 応答: 226 Directory send OK.
2011-05-05 20:39:49 5008 1 状態: ディレクトリー一覧の表示成功
2011-05-05 20:40:48 5008 1 状態: サーバーから切断されました
2011-05-05 20:42:21 5008 1 状態: ec2-175-41-225-243.ap-northeast-1.compute.amazonaws.com のアドレスを解決しています
2011-05-05 20:42:21 5008 1 状態: 175.41.225.243:21 に接続しています...
2011-05-05 20:42:21 5008 1 状態: 接続が確立されました, ウェルカム メッセージを待っています...
2011-05-05 20:42:21 5008 1 応答: 220 (vsFTPd 2.2.2)
2011-05-05 20:42:21 5008 1 コマンド: USER ftpuser
2011-05-05 20:42:21 5008 1 応答: 331 Please specify the password.
2011-05-05 20:42:21 5008 1 コマンド: PASS *******
2011-05-05 20:42:21 5008 1 応答: 230 Login successful.
2011-05-05 20:42:21 5008 1 コマンド: OPTS UTF8 ON
2011-05-05 20:42:22 5008 1 応答: 200 Always in UTF8 mode.
2011-05-05 20:42:22 5008 1 状態: 接続されました
2011-05-05 20:42:22 5008 1 状態: D:\97_TEST\ftpTest10M.txtのアップロードを始めています
2011-05-05 20:42:22 5008 1 コマンド: CWD /home/ftp
2011-05-05 20:42:22 5008 1 応答: 250 Directory successfully changed.
2011-05-05 20:42:22 5008 1 コマンド: TYPE A
2011-05-05 20:42:22 5008 1 応答: 200 Switching to ASCII mode.
2011-05-05 20:42:22 5008 1 コマンド: PORT 192,168,101,193,15,32
2011-05-05 20:42:22 5008 1 応答: 200 PORT command successful. Consider using PASV.
2011-05-05 20:42:22 5008 1 コマンド: STOR ftpTest10M.txt
2011-05-05 20:42:22 5008 1 応答: 150 Ok to send data.
2011-05-05 20:45:14 5008 1 応答: 226 Transfer complete.
2011-05-05 20:45:14 5008 1 状態: 172 秒 に対して 10,511,620 バイト バイト転送し、ファイルの転送が成功しました。
2011-05-05 20:45:14 5008 1 状態: ディレクトリーの一覧を読み出しています...
2011-05-05 20:45:14 5008 1 コマンド: TYPE I
2011-05-05 20:45:15 5008 1 応答: 200 Switching to Binary mode.
2011-05-05 20:45:15 5008 1 コマンド: PORT 192,168,101,193,15,125
2011-05-05 20:45:15 5008 1 応答: 200 PORT command successful. Consider using PASV.
2011-05-05 20:45:15 5008 1 コマンド: LIST
2011-05-05 20:45:15 5008 1 応答: 150 Here comes the directory listing.
2011-05-05 20:45:15 5008 1 応答: 226 Directory send OK.
2011-05-05 20:45:15 5008 1 状態: ディレクトリー一覧の表示成功
2011-05-05 20:46:14 5008 1 状態: サーバーから切断されました
